mode: set
github.com/niko-labs/libs-go/helper/envs.go:10.16,13.16 2 0
github.com/niko-labs/libs-go/helper/envs.go:13.16,15.13 2 0
github.com/niko-labs/libs-go/helper/envs.go:17.2,22.16 4 0
github.com/niko-labs/libs-go/helper/envs.go:22.16,24.3 1 0
github.com/niko-labs/libs-go/helper/middleware/rate_limite.go:5.43,6.30 1 0
github.com/niko-labs/libs-go/helper/middleware/rate_limite.go:6.30,8.34 2 0
github.com/niko-labs/libs-go/helper/middleware/rate_limite.go:8.34,12.4 3 0
github.com/niko-labs/libs-go/helper/middleware/rate_limite.go:13.3,14.11 2 0
github.com/niko-labs/libs-go/helper/middleware/xss.go:13.40,14.30 1 0
github.com/niko-labs/libs-go/helper/middleware/xss.go:14.30,18.3 3 0
github.com/niko-labs/libs-go/helper/opentel/opentel.go:34.42,35.26 1 0
github.com/niko-labs/libs-go/helper/opentel/opentel.go:35.26,37.3 1 0
github.com/niko-labs/libs-go/helper/opentel/opentel.go:39.2,39.24 1 0
github.com/niko-labs/libs-go/helper/opentel/opentel.go:39.24,41.3 1 0
github.com/niko-labs/libs-go/helper/opentel/opentel.go:43.2,43.25 1 0
github.com/niko-labs/libs-go/helper/opentel/opentel.go:43.25,45.3 1 0
github.com/niko-labs/libs-go/helper/opentel/opentel.go:47.2,47.27 1 0
github.com/niko-labs/libs-go/helper/opentel/opentel.go:47.27,49.3 1 0
github.com/niko-labs/libs-go/helper/opentel/opentel.go:51.2,51.30 1 0
github.com/niko-labs/libs-go/helper/opentel/opentel.go:51.30,53.3 1 0
github.com/niko-labs/libs-go/helper/opentel/opentel.go:55.2,55.32 1 0
github.com/niko-labs/libs-go/helper/opentel/opentel.go:55.32,57.3 1 0
github.com/niko-labs/libs-go/helper/opentel/opentel.go:59.2,59.37 1 0
github.com/niko-labs/libs-go/helper/opentel/opentel.go:59.37,61.3 1 0
github.com/niko-labs/libs-go/helper/opentel/opentel.go:63.2,63.12 1 0
github.com/niko-labs/libs-go/helper/opentel/opentel.go:66.143,76.39 2 0
github.com/niko-labs/libs-go/helper/opentel/opentel.go:76.39,78.3 1 0
github.com/niko-labs/libs-go/helper/opentel/opentel.go:79.2,79.12 1 0
github.com/niko-labs/libs-go/helper/opentel/opentel.go:82.40,100.16 2 0
github.com/niko-labs/libs-go/helper/opentel/opentel.go:100.16,102.3 1 0
github.com/niko-labs/libs-go/helper/opentel/opentel.go:105.2,105.15 1 0
github.com/niko-labs/libs-go/helper/opentel/opentel.go:105.15,106.65 1 0
github.com/niko-labs/libs-go/helper/opentel/opentel.go:106.65,108.4 1 0
github.com/niko-labs/libs-go/helper/opentel/opentel.go:112.2,124.16 2 0
github.com/niko-labs/libs-go/helper/opentel/opentel.go:124.16,126.3 1 0
github.com/niko-labs/libs-go/helper/opentel/opentel.go:129.2,136.17 2 0
github.com/niko-labs/libs-go/helper/opentel/opentel.go:136.17,141.3 4 0
github.com/niko-labs/libs-go/helper/opentel/opentel.go:143.2,143.12 1 0
github.com/niko-labs/libs-go/helper/opentel/opentel.go:146.32,147.19 1 0
github.com/niko-labs/libs-go/helper/opentel/opentel.go:147.19,149.3 1 0
github.com/niko-labs/libs-go/helper/opentel/opentel.go:149.8,152.3 2 0
github.com/niko-labs/libs-go/helper/paginator/pagination.go:24.13,30.16 5 0
github.com/niko-labs/libs-go/helper/paginator/pagination.go:30.16,33.3 2 0
github.com/niko-labs/libs-go/helper/paginator/pagination.go:34.2,35.16 2 0
github.com/niko-labs/libs-go/helper/paginator/pagination.go:35.16,38.3 2 0
github.com/niko-labs/libs-go/helper/paginator/pagination.go:40.2,43.53 3 0
github.com/niko-labs/libs-go/helper/paginator/pagination.go:43.53,47.3 3 0
github.com/niko-labs/libs-go/helper/paginator/pagination.go:49.2,52.61 4 0
github.com/niko-labs/libs-go/helper/paginator/pagination.go:60.65,64.16 4 0
github.com/niko-labs/libs-go/helper/paginator/pagination.go:64.16,66.3 1 0
github.com/niko-labs/libs-go/helper/paginator/pagination.go:67.2,68.16 2 0
github.com/niko-labs/libs-go/helper/paginator/pagination.go:68.16,70.3 1 0
github.com/niko-labs/libs-go/helper/paginator/pagination.go:72.2,72.36 1 0
github.com/niko-labs/libs-go/helper/paginator/pagination.go:72.36,74.3 1 0
github.com/niko-labs/libs-go/helper/paginator/pagination.go:75.2,75.36 1 0
github.com/niko-labs/libs-go/helper/paginator/pagination.go:75.36,77.3 1 0
github.com/niko-labs/libs-go/helper/paginator/pagination.go:79.2,79.51 1 0
github.com/niko-labs/libs-go/helper/paginator/pagination.go:82.35,84.2 1 0
github.com/niko-labs/libs-go/helper/paginator/response.go:13.115,22.20 2 0
github.com/niko-labs/libs-go/helper/paginator/response.go:22.20,24.3 1 0
github.com/niko-labs/libs-go/helper/paginator/response.go:26.2,26.10 1 0
github.com/niko-labs/libs-go/helper/paginator/response.go:29.50,31.28 2 0
github.com/niko-labs/libs-go/helper/paginator/response.go:31.28,33.3 1 0
github.com/niko-labs/libs-go/helper/paginator/response.go:34.2,34.21 1 0
github.com/niko-labs/libs-go/bus/bus_base.go:18.23,19.30 1 1
github.com/niko-labs/libs-go/bus/bus_base.go:19.30,21.3 1 0
github.com/niko-labs/libs-go/bus/bus_base.go:21.8,23.3 1 1
github.com/niko-labs/libs-go/bus/bus_base.go:24.2,24.26 1 1
github.com/niko-labs/libs-go/bus/bus_base.go:27.24,28.17 1 1
github.com/niko-labs/libs-go/bus/bus_base.go:28.17,34.3 2 1
github.com/niko-labs/libs-go/bus/bus_base.go:35.2,35.26 1 1
github.com/niko-labs/libs-go/bus/bus_command.go:10.96,12.38 2 1
github.com/niko-labs/libs-go/bus/bus_command.go:12.38,14.3 1 1
github.com/niko-labs/libs-go/bus/bus_command.go:15.2,16.12 2 1
github.com/niko-labs/libs-go/bus/bus_command.go:19.66,21.38 2 1
github.com/niko-labs/libs-go/bus/bus_command.go:21.38,24.3 2 1
github.com/niko-labs/libs-go/bus/bus_command.go:25.2,25.36 1 1
github.com/niko-labs/libs-go/bus/bus_command.go:28.116,30.44 2 1
github.com/niko-labs/libs-go/bus/bus_command.go:30.44,32.3 1 1
github.com/niko-labs/libs-go/bus/bus_command.go:33.2,33.41 1 1
github.com/niko-labs/libs-go/bus/bus_command.go:36.45,38.2 1 1
github.com/niko-labs/libs-go/bus/bus_event.go:10.88,12.41 2 1
github.com/niko-labs/libs-go/bus/bus_event.go:12.41,13.30 1 1
github.com/niko-labs/libs-go/bus/bus_event.go:13.30,14.74 1 1
github.com/niko-labs/libs-go/bus/bus_event.go:14.74,16.5 1 1
github.com/niko-labs/libs-go/bus/bus_event.go:18.3,18.46 1 0
github.com/niko-labs/libs-go/bus/bus_event.go:19.8,21.3 1 1
github.com/niko-labs/libs-go/bus/bus_event.go:22.2,22.12 1 1
github.com/niko-labs/libs-go/bus/bus_event.go:25.60,27.34 2 1
github.com/niko-labs/libs-go/bus/bus_event.go:27.34,30.3 2 1
github.com/niko-labs/libs-go/bus/bus_event.go:31.2,31.34 1 1
github.com/niko-labs/libs-go/bus/bus_event.go:34.93,36.41 2 1
github.com/niko-labs/libs-go/bus/bus_event.go:36.41,37.36 1 1
github.com/niko-labs/libs-go/bus/bus_event.go:37.36,38.51 1 1
github.com/niko-labs/libs-go/bus/bus_event.go:38.51,40.5 1 1
github.com/niko-labs/libs-go/bus/bus_event.go:42.3,42.13 1 1
github.com/niko-labs/libs-go/bus/bus_event.go:44.2,44.34 1 1
github.com/niko-labs/libs-go/bus/bus_event.go:47.107,48.15 1 1
github.com/niko-labs/libs-go/bus/bus_event.go:48.15,50.3 1 0
github.com/niko-labs/libs-go/bus/bus_event.go:51.2,51.12 1 1
github.com/niko-labs/libs-go/bus/bus_event.go:51.12,51.50 1 1
github.com/niko-labs/libs-go/bus/bus_event.go:54.43,56.2 1 1
github.com/niko-labs/libs-go/repository/repository.go:19.84,23.2 3 1
github.com/niko-labs/libs-go/repository/repository.go:24.89,28.2 3 1
github.com/niko-labs/libs-go/uow/options.go:10.49,11.29 1 1
github.com/niko-labs/libs-go/uow/options.go:11.29,13.3 1 1
github.com/niko-labs/libs-go/uow/options.go:16.42,17.29 1 1
github.com/niko-labs/libs-go/uow/options.go:17.29,19.3 1 1
github.com/niko-labs/libs-go/uow/options.go:21.49,22.29 1 1
github.com/niko-labs/libs-go/uow/options.go:22.29,24.3 1 1
github.com/niko-labs/libs-go/uow/options.go:26.50,27.29 1 1
github.com/niko-labs/libs-go/uow/options.go:27.29,29.3 1 1
github.com/niko-labs/libs-go/uow/uow.go:18.48,20.2 1 1
github.com/niko-labs/libs-go/uow/uow.go:22.62,24.27 2 1
github.com/niko-labs/libs-go/uow/uow.go:24.27,26.3 1 1
github.com/niko-labs/libs-go/uow/uow.go:27.2,27.10 1 1
github.com/niko-labs/libs-go/uow/uow.go:30.53,31.18 1 1
github.com/niko-labs/libs-go/uow/uow.go:31.18,33.3 1 1
github.com/niko-labs/libs-go/uow/uow.go:34.2,34.21 1 1
github.com/niko-labs/libs-go/uow/uow.go:34.21,36.3 1 1
github.com/niko-labs/libs-go/uow/uow.go:37.2,38.12 2 1
github.com/niko-labs/libs-go/uow/uow.go:41.42,43.2 1 1
github.com/niko-labs/libs-go/uow/uow.go:45.52,47.2 1 1
github.com/niko-labs/libs-go/uow/uow.go:49.37,50.25 1 1
github.com/niko-labs/libs-go/uow/uow.go:50.25,52.3 1 1
github.com/niko-labs/libs-go/uow/uow.go:53.2,55.12 3 1
github.com/niko-labs/libs-go/uow/uow.go:58.39,59.25 1 1
github.com/niko-labs/libs-go/uow/uow.go:59.25,61.3 1 1
github.com/niko-labs/libs-go/uow/uow.go:62.2,63.16 2 1
github.com/niko-labs/libs-go/uow/uow.go:63.16,66.3 2 0
github.com/niko-labs/libs-go/uow/uow.go:67.2,68.12 2 1
github.com/niko-labs/libs-go/uow/uow.go:71.36,72.24 1 1
github.com/niko-labs/libs-go/uow/uow.go:72.24,74.3 1 1
github.com/niko-labs/libs-go/uow/uow.go:75.2,75.20 1 1
github.com/niko-labs/libs-go/uow/uow.go:75.20,77.3 1 1
github.com/niko-labs/libs-go/uow/uow.go:79.2,80.16 2 1
github.com/niko-labs/libs-go/uow/uow.go:80.16,82.3 1 0
github.com/niko-labs/libs-go/uow/uow.go:84.2,87.16 3 1
github.com/niko-labs/libs-go/uow/uow.go:87.16,89.3 1 0
github.com/niko-labs/libs-go/uow/uow.go:90.2,91.12 2 1
github.com/niko-labs/libs-go/uow/uow.go:94.44,96.2 1 1
github.com/niko-labs/libs-go/uow/uow.go:98.39,100.2 1 1
